2024/12/08 00:05:48 [notice] 1#1: using the "epoll" event method
2024/12/08 00:05:48 [notice] 1#1: nginx/1.27.3
2024/12/08 00:05:48 [notice] 1#1: built by gcc 12.2.0 (Debian 12.2.0-14) 
2024/12/08 00:05:48 [notice] 1#1: OS: Linux 5.15.167.4-microsoft-standard-WSL2
2024/12/08 00:05:48 [notice] 1#1: getrlimit(RLIMIT_NOFILE): 1048576:1048576
2024/12/08 00:05:48 [notice] 1#1: start worker processes
2024/12/08 00:05:48 [notice] 1#1: start worker process 28
2024/12/08 00:05:48 [notice] 1#1: start worker process 29
2024/12/08 00:05:48 [notice] 1#1: start worker process 30
2024/12/08 00:05:48 [notice] 1#1: start worker process 31
2024/12/08 00:05:48 [notice] 1#1: start worker process 32
2024/12/08 00:05:48 [notice] 1#1: start worker process 33
2024/12/08 00:05:48 [notice] 1#1: start worker process 34
2024/12/08 00:05:48 [notice] 1#1: start worker process 35
2024/12/08 00:06:28 [error] 29#29: *1 open() "/usr/share/nginx/html/favicon.ico" failed (2: No such file or directory), client: 172.19.0.1, server: localhost, request: "GET /favicon.ico HTTP/1.1", host: "localhost:8080", referrer: "http://localhost:8080/"
2024/12/08 00:07:03 [error] 33#33: *6 open() "/usr/share/nginx/html/favicon.ico" failed (2: No such file or directory), client: 172.19.0.1, server: localhost, request: "GET /favicon.ico HTTP/1.1", host: "localhost:8443", referrer: "https://localhost:8443/"
2024/12/08 00:07:58 [notice] 1#1: signal 3 (SIGQUIT) received, shutting down
2024/12/08 00:07:58 [notice] 31#31: gracefully shutting down
2024/12/08 00:07:58 [notice] 29#29: gracefully shutting down
2024/12/08 00:07:58 [notice] 33#33: gracefully shutting down
2024/12/08 00:07:58 [notice] 30#30: gracefully shutting down
2024/12/08 00:07:58 [notice] 28#28: gracefully shutting down
2024/12/08 00:07:58 [notice] 33#33: exiting
2024/12/08 00:07:58 [notice] 35#35: gracefully shutting down
2024/12/08 00:07:58 [notice] 35#35: exiting
2024/12/08 00:07:58 [notice] 29#29: exiting
2024/12/08 00:07:58 [notice] 31#31: exiting
2024/12/08 00:07:58 [notice] 28#28: exiting
2024/12/08 00:07:58 [notice] 33#33: exit
2024/12/08 00:07:58 [notice] 31#31: exit
2024/12/08 00:07:58 [notice] 34#34: gracefully shutting down
2024/12/08 00:07:58 [notice] 30#30: exiting
2024/12/08 00:07:58 [notice] 35#35: exit
2024/12/08 00:07:58 [notice] 34#34: exiting
2024/12/08 00:07:58 [notice] 30#30: exit
2024/12/08 00:07:58 [notice] 32#32: gracefully shutting down
2024/12/08 00:07:58 [notice] 32#32: exiting
2024/12/08 00:07:58 [notice] 34#34: exit
2024/12/08 00:07:58 [notice] 32#32: exit
2024/12/08 00:07:58 [notice] 29#29: exit
2024/12/08 00:07:58 [notice] 28#28: exit
2024/12/08 00:07:58 [notice] 1#1: signal 17 (SIGCHLD) received from 33
2024/12/08 00:07:58 [notice] 1#1: worker process 33 exited with code 0
2024/12/08 00:07:58 [notice] 1#1: worker process 34 exited with code 0
2024/12/08 00:07:58 [notice] 1#1: signal 29 (SIGIO) received
2024/12/08 00:07:58 [notice] 1#1: signal 17 (SIGCHLD) received from 35
2024/12/08 00:07:58 [notice] 1#1: worker process 35 exited with code 0
2024/12/08 00:07:58 [notice] 1#1: worker process 29 exited with code 0
2024/12/08 00:07:58 [notice] 1#1: worker process 30 exited with code 0
2024/12/08 00:07:58 [notice] 1#1: signal 29 (SIGIO) received
2024/12/08 00:07:58 [notice] 1#1: signal 17 (SIGCHLD) received from 29
2024/12/08 00:07:58 [notice] 1#1: signal 17 (SIGCHLD) received from 32
2024/12/08 00:07:58 [notice] 1#1: worker process 28 exited with code 0
2024/12/08 00:07:58 [notice] 1#1: worker process 32 exited with code 0
2024/12/08 00:07:58 [notice] 1#1: signal 17 (SIGCHLD) received from 31
2024/12/08 00:07:58 [notice] 1#1: worker process 31 exited with code 0
2024/12/08 00:07:58 [notice] 1#1: exit
2024/12/08 00:08:00 [notice] 1#1: using the "epoll" event method
2024/12/08 00:08:00 [notice] 1#1: nginx/1.27.3
2024/12/08 00:08:00 [notice] 1#1: built by gcc 12.2.0 (Debian 12.2.0-14) 
2024/12/08 00:08:00 [notice] 1#1: OS: Linux 5.15.167.4-microsoft-standard-WSL2
2024/12/08 00:08:00 [notice] 1#1: getrlimit(RLIMIT_NOFILE): 1048576:1048576
2024/12/08 00:08:00 [notice] 1#1: start worker processes
2024/12/08 00:08:00 [notice] 1#1: start worker process 28
2024/12/08 00:08:00 [notice] 1#1: start worker process 29
2024/12/08 00:08:00 [notice] 1#1: start worker process 30
2024/12/08 00:08:00 [notice] 1#1: start worker process 31
2024/12/08 00:08:00 [notice] 1#1: start worker process 32
2024/12/08 00:08:00 [notice] 1#1: start worker process 33
2024/12/08 00:08:00 [notice] 1#1: start worker process 34
2024/12/08 00:08:00 [notice] 1#1: start worker process 35
2024/12/08 00:08:10 [error] 31#31: *3 open() "/usr/share/nginx/html/favicon.ico" failed (2: No such file or directory), client: 172.19.0.1, server: localhost, request: "GET /favicon.ico HTTP/1.1", host: "localhost:8444", referrer: "https://localhost:8444/"
2024/12/08 00:08:21 [error] 32#32: *7 open() "/usr/share/nginx/html/favicon.ico" failed (2: No such file or directory), client: 172.19.0.1, server: localhost, request: "GET /favicon.ico HTTP/1.1", host: "localhost:8081", referrer: "http://localhost:8081/"
2024/12/08 00:09:24 [notice] 1#1: signal 3 (SIGQUIT) received, shutting down
2024/12/08 00:09:24 [notice] 29#29: gracefully shutting down
2024/12/08 00:09:24 [notice] 30#30: gracefully shutting down
2024/12/08 00:09:24 [notice] 29#29: exiting
2024/12/08 00:09:24 [notice] 31#31: gracefully shutting down
2024/12/08 00:09:24 [notice] 32#32: gracefully shutting down
2024/12/08 00:09:24 [notice] 30#30: exiting
2024/12/08 00:09:24 [notice] 28#28: gracefully shutting down
2024/12/08 00:09:24 [notice] 34#34: gracefully shutting down
2024/12/08 00:09:24 [notice] 35#35: gracefully shutting down
2024/12/08 00:09:24 [notice] 34#34: exiting
2024/12/08 00:09:24 [notice] 33#33: gracefully shutting down
2024/12/08 00:09:24 [notice] 28#28: exiting
2024/12/08 00:09:24 [notice] 35#35: exiting
2024/12/08 00:09:24 [notice] 32#32: exiting
2024/12/08 00:09:24 [notice] 33#33: exiting
2024/12/08 00:09:24 [notice] 30#30: exit
2024/12/08 00:09:24 [notice] 29#29: exit
2024/12/08 00:09:24 [notice] 35#35: exit
2024/12/08 00:09:24 [notice] 32#32: exit
2024/12/08 00:09:24 [notice] 34#34: exit
2024/12/08 00:09:24 [notice] 33#33: exit
2024/12/08 00:09:24 [notice] 28#28: exit
2024/12/08 00:09:24 [notice] 31#31: exiting
2024/12/08 00:09:24 [notice] 31#31: exit
2024/12/08 00:09:24 [notice] 1#1: signal 17 (SIGCHLD) received from 34
2024/12/08 00:09:24 [notice] 1#1: worker process 28 exited with code 0
2024/12/08 00:09:24 [notice] 1#1: worker process 31 exited with code 0
2024/12/08 00:09:24 [notice] 1#1: worker process 34 exited with code 0
2024/12/08 00:09:24 [notice] 1#1: worker process 35 exited with code 0
2024/12/08 00:09:24 [notice] 1#1: signal 29 (SIGIO) received
2024/12/08 00:09:24 [notice] 1#1: signal 17 (SIGCHLD) received from 31
2024/12/08 00:09:24 [notice] 1#1: signal 17 (SIGCHLD) received from 32
2024/12/08 00:09:24 [notice] 1#1: worker process 32 exited with code 0
2024/12/08 00:09:24 [notice] 1#1: worker process 33 exited with code 0
2024/12/08 00:09:24 [notice] 1#1: signal 29 (SIGIO) received
2024/12/08 00:09:24 [notice] 1#1: signal 17 (SIGCHLD) received from 29
2024/12/08 00:09:24 [notice] 1#1: worker process 29 exited with code 0
2024/12/08 00:09:24 [notice] 1#1: signal 29 (SIGIO) received
2024/12/08 00:09:24 [notice] 1#1: signal 17 (SIGCHLD) received from 30
2024/12/08 00:09:24 [notice] 1#1: worker process 30 exited with code 0
2024/12/08 00:09:24 [notice] 1#1: exit
2024/12/08 00:09:25 [notice] 1#1: using the "epoll" event method
2024/12/08 00:09:25 [notice] 1#1: nginx/1.27.3
2024/12/08 00:09:25 [notice] 1#1: built by gcc 12.2.0 (Debian 12.2.0-14) 
2024/12/08 00:09:25 [notice] 1#1: OS: Linux 5.15.167.4-microsoft-standard-WSL2
2024/12/08 00:09:25 [notice] 1#1: getrlimit(RLIMIT_NOFILE): 1048576:1048576
2024/12/08 00:09:25 [notice] 1#1: start worker processes
2024/12/08 00:09:25 [notice] 1#1: start worker process 28
2024/12/08 00:09:25 [notice] 1#1: start worker process 29
2024/12/08 00:09:25 [notice] 1#1: start worker process 30
2024/12/08 00:09:25 [notice] 1#1: start worker process 31
2024/12/08 00:09:25 [notice] 1#1: start worker process 32
2024/12/08 00:09:25 [notice] 1#1: start worker process 33
2024/12/08 00:09:25 [notice] 1#1: start worker process 34
2024/12/08 00:09:25 [notice] 1#1: start worker process 35
2024/12/08 00:09:57 [error] 28#28: *1 open() "/usr/share/nginx/html/favicon.ico" failed (2: No such file or directory), client: 172.19.0.1, server: localhost, request: "GET /favicon.ico HTTP/1.1", host: "localhost:8082", referrer: "http://localhost:8082/"
2024/12/08 00:10:18 [error] 32#32: *6 open() "/usr/share/nginx/html/favicon.ico" failed (2: No such file or directory), client: 172.19.0.1, server: localhost, request: "GET /favicon.ico HTTP/1.1", host: "localhost:8445", referrer: "https://localhost:8445/"
